  [1m[36m (1.1ms)[0m  [1mCREATE TABLE "schema_migrations" ("version" varchar NOT NULL) [0m
  [1m[35m (0.5ms)[0m  select sqlite_version(*)
  [1m[36m (0.9ms)[0m  [1mCREATE UNIQUE INDEX "unique_schema_migrations" ON "schema_migrations" ("version")[0m
  [1m[35mActiveRecord::SchemaMigration Load (0.1ms)[0m  SELECT "schema_migrations".* FROM "schema_migrations"
  [1m[36mActiveRecord::SchemaMigration Load (0.4ms)[0m  [1mSELECT "schema_migrations".* FROM "schema_migrations"[0m
Migrating to DeviseCreateUsers (20150310122928)
  [1m[35m (0.1ms)[0m  begin transaction
DEPRECATION WARNING: `#timestamp` was called without specifying an option for `null`. In Rails 5, this behavior will change to `null: false`. You should manually specify `null: true` to prevent the behavior of your existing migrations from changing. (called from block in change at /Users/Bassem/app/db/migrate/20150310122928_devise_create_users.rb:34)
  [1m[36m (0.9ms)[0m  [1mCREATE TABLE "users" ("id" INTEGER PRIMARY KEY AUTOINCREMENT NOT NULL, "email" varchar DEFAULT '' NOT NULL, "encrypted_password" varchar DEFAULT '' NOT NULL, "reset_password_token" varchar, "reset_password_sent_at" datetime, "remember_created_at" datetime, "sign_in_count" integer DEFAULT 0 NOT NULL, "current_sign_in_at" datetime, "last_sign_in_at" datetime, "current_sign_in_ip" varchar, "last_sign_in_ip" varchar, "created_at" datetime, "updated_at" datetime) [0m
  [1m[35m (0.1ms)[0m  select sqlite_version(*)
  [1m[36m (0.4ms)[0m  [1mCREATE UNIQUE INDEX "index_users_on_email" ON "users" ("email")[0m
  [1m[35m (0.3ms)[0m              SELECT sql
            FROM sqlite_master
            WHERE name='index_users_on_email' AND type='index'
            UNION ALL
            SELECT sql
            FROM sqlite_temp_master
            WHERE name='index_users_on_email' AND type='index'

  [1m[36m (0.7ms)[0m  [1mCREATE UNIQUE INDEX "index_users_on_reset_password_token" ON "users" ("reset_password_token")[0m
  [1m[35mSQL (0.2ms)[0m  INSERT INTO "schema_migrations" ("version") VALUES (?)  [["version", "20150310122928"]]
  [1m[36m (1.1ms)[0m  [1mcommit transaction[0m
  [1m[35mActiveRecord::SchemaMigration Load (0.1ms)[0m  SELECT "schema_migrations".* FROM "schema_migrations"
  [1m[36m (0.1ms)[0m  [1m            SELECT sql
            FROM sqlite_master
            WHERE name='index_users_on_reset_password_token' AND type='index'
            UNION ALL
            SELECT sql
            FROM sqlite_temp_master
            WHERE name='index_users_on_reset_password_token' AND type='index'
[0m
  [1m[35m (0.1ms)[0m              SELECT sql
            FROM sqlite_master
            WHERE name='index_users_on_email' AND type='index'
            UNION ALL
            SELECT sql
            FROM sqlite_temp_master
            WHERE name='index_users_on_email' AND type='index'



Started GET "/" for ::1 at 2015-03-10 14:44:00 +0200
  [1m[36mActiveRecord::SchemaMigration Load (0.1ms)[0m  [1mSELECT "schema_migrations".* FROM "schema_migrations"[0m
Processing by Rails::WelcomeController#index as HTML
  Rendered /Users/Bassem/.rvm/gems/ruby-2.2.0@global/gems/railties-4.2.0/lib/rails/templates/rails/welcome/index.html.erb (2.0ms)
Completed 200 OK in 24ms (Views: 13.4ms | ActiveRecord: 0.0ms)


Started GET "/sign_in" for ::1 at 2015-03-10 14:44:06 +0200

ActionController::RoutingError (No route matches [GET] "/sign_in"):
  actionpack (4.2.0) lib/action_dispatch/middleware/debug_exceptions.rb:21:in `call'
  web-console (2.1.1) lib/web_console/middleware.rb:37:in `call'
  actionpack (4.2.0) lib/action_dispatch/middleware/show_exceptions.rb:30:in `call'
  railties (4.2.0) lib/rails/rack/logger.rb:38:in `call_app'
  railties (4.2.0) lib/rails/rack/logger.rb:20:in `block in call'
  activesupport (4.2.0) lib/active_support/tagged_logging.rb:68:in `block in tagged'
  activesupport (4.2.0) lib/active_support/tagged_logging.rb:26:in `tagged'
  activesupport (4.2.0) lib/active_support/tagged_logging.rb:68:in `tagged'
  railties (4.2.0) lib/rails/rack/logger.rb:20:in `call'
  actionpack (4.2.0) lib/action_dispatch/middleware/request_id.rb:21:in `call'
  rack (1.6.0) lib/rack/methodoverride.rb:22:in `call'
  rack (1.6.0) lib/rack/runtime.rb:18:in `call'
  activesupport (4.2.0) lib/active_support/cache/strategy/local_cache_middleware.rb:28:in `call'
  rack (1.6.0) lib/rack/lock.rb:17:in `call'
  actionpack (4.2.0) lib/action_dispatch/middleware/static.rb:113:in `call'
  rack (1.6.0) lib/rack/sendfile.rb:113:in `call'
  railties (4.2.0) lib/rails/engine.rb:518:in `call'
  railties (4.2.0) lib/rails/application.rb:164:in `call'
  rack (1.6.0) lib/rack/lock.rb:17:in `call'
  rack (1.6.0) lib/rack/content_length.rb:15:in `call'
  rack (1.6.0) lib/rack/handler/webrick.rb:89:in `service'
  /Users/Bassem/.rvm/rubies/ruby-2.2.0/lib/ruby/2.2.0/webrick/httpserver.rb:138:in `service'
  /Users/Bassem/.rvm/rubies/ruby-2.2.0/lib/ruby/2.2.0/webrick/httpserver.rb:94:in `run'
  /Users/Bassem/.rvm/rubies/ruby-2.2.0/lib/ruby/2.2.0/webrick/server.rb:294:in `block in start_thread'


  Rendered /Users/Bassem/.rvm/gems/ruby-2.2.0@global/gems/actionpack-4.2.0/lib/action_dispatch/middleware/templates/rescues/_trace.html.erb (1.5ms)
  Rendered /Users/Bassem/.rvm/gems/ruby-2.2.0@global/gems/actionpack-4.2.0/lib/action_dispatch/middleware/templates/routes/_route.html.erb (1.9ms)
  Rendered /Users/Bassem/.rvm/gems/ruby-2.2.0@global/gems/actionpack-4.2.0/lib/action_dispatch/middleware/templates/routes/_table.html.erb (9.2ms)
  Rendered /Users/Bassem/.rvm/gems/ruby-2.2.0@global/gems/actionpack-4.2.0/lib/action_dispatch/middleware/templates/rescues/_request_and_response.html.erb (1.3ms)
  Rendered /Users/Bassem/.rvm/gems/ruby-2.2.0@global/gems/actionpack-4.2.0/lib/action_dispatch/middleware/templates/rescues/routing_error.html.erb within rescues/layout (99.1ms)
  Rendered /Users/Bassem/.rvm/gems/ruby-2.2.0/gems/web-console-2.1.1/lib/web_console/templates/_markup.html (0.6ms)
  Rendered /Users/Bassem/.rvm/gems/ruby-2.2.0/gems/web-console-2.1.1/lib/web_console/templates/style.css within layouts/inlined_string (0.4ms)
  Rendered /Users/Bassem/.rvm/gems/ruby-2.2.0/gems/web-console-2.1.1/lib/web_console/templates/_inner_console_markup.html within layouts/inlined_string (0.3ms)
  Rendered /Users/Bassem/.rvm/gems/ruby-2.2.0/gems/web-console-2.1.1/lib/web_console/templates/_prompt_box_markup.html within layouts/inlined_string (0.5ms)
  Rendered /Users/Bassem/.rvm/gems/ruby-2.2.0/gems/web-console-2.1.1/lib/web_console/templates/console.js within layouts/javascript (50.0ms)
  Rendered /Users/Bassem/.rvm/gems/ruby-2.2.0/gems/web-console-2.1.1/lib/web_console/templates/main.js within layouts/javascript (0.5ms)
  Rendered /Users/Bassem/.rvm/gems/ruby-2.2.0/gems/web-console-2.1.1/lib/web_console/templates/error_page.js within layouts/javascript (0.4ms)
  Rendered /Users/Bassem/.rvm/gems/ruby-2.2.0/gems/web-console-2.1.1/lib/web_console/templates/index.html (112.8ms)


Started GET "/sign_up" for ::1 at 2015-03-10 14:44:15 +0200

ActionController::RoutingError (No route matches [GET] "/sign_up"):
  actionpack (4.2.0) lib/action_dispatch/middleware/debug_exceptions.rb:21:in `call'
  web-console (2.1.1) lib/web_console/middleware.rb:37:in `call'
  actionpack (4.2.0) lib/action_dispatch/middleware/show_exceptions.rb:30:in `call'
  railties (4.2.0) lib/rails/rack/logger.rb:38:in `call_app'
  railties (4.2.0) lib/rails/rack/logger.rb:20:in `block in call'
  activesupport (4.2.0) lib/active_support/tagged_logging.rb:68:in `block in tagged'
  activesupport (4.2.0) lib/active_support/tagged_logging.rb:26:in `tagged'
  activesupport (4.2.0) lib/active_support/tagged_logging.rb:68:in `tagged'
  railties (4.2.0) lib/rails/rack/logger.rb:20:in `call'
  actionpack (4.2.0) lib/action_dispatch/middleware/request_id.rb:21:in `call'
  rack (1.6.0) lib/rack/methodoverride.rb:22:in `call'
  rack (1.6.0) lib/rack/runtime.rb:18:in `call'
  activesupport (4.2.0) lib/active_support/cache/strategy/local_cache_middleware.rb:28:in `call'
  rack (1.6.0) lib/rack/lock.rb:17:in `call'
  actionpack (4.2.0) lib/action_dispatch/middleware/static.rb:113:in `call'
  rack (1.6.0) lib/rack/sendfile.rb:113:in `call'
  railties (4.2.0) lib/rails/engine.rb:518:in `call'
  railties (4.2.0) lib/rails/application.rb:164:in `call'
  rack (1.6.0) lib/rack/lock.rb:17:in `call'
  rack (1.6.0) lib/rack/content_length.rb:15:in `call'
  rack (1.6.0) lib/rack/handler/webrick.rb:89:in `service'
  /Users/Bassem/.rvm/rubies/ruby-2.2.0/lib/ruby/2.2.0/webrick/httpserver.rb:138:in `service'
  /Users/Bassem/.rvm/rubies/ruby-2.2.0/lib/ruby/2.2.0/webrick/httpserver.rb:94:in `run'
  /Users/Bassem/.rvm/rubies/ruby-2.2.0/lib/ruby/2.2.0/webrick/server.rb:294:in `block in start_thread'


  Rendered /Users/Bassem/.rvm/gems/ruby-2.2.0@global/gems/actionpack-4.2.0/lib/action_dispatch/middleware/templates/rescues/_trace.html.erb (2.1ms)
  Rendered /Users/Bassem/.rvm/gems/ruby-2.2.0@global/gems/actionpack-4.2.0/lib/action_dispatch/middleware/templates/routes/_route.html.erb (1.3ms)
  Rendered /Users/Bassem/.rvm/gems/ruby-2.2.0@global/gems/actionpack-4.2.0/lib/action_dispatch/middleware/templates/routes/_table.html.erb (2.8ms)
  Rendered /Users/Bassem/.rvm/gems/ruby-2.2.0@global/gems/actionpack-4.2.0/lib/action_dispatch/middleware/templates/rescues/_request_and_response.html.erb (1.0ms)
  Rendered /Users/Bassem/.rvm/gems/ruby-2.2.0@global/gems/actionpack-4.2.0/lib/action_dispatch/middleware/templates/rescues/routing_error.html.erb within rescues/layout (100.5ms)
  Rendered /Users/Bassem/.rvm/gems/ruby-2.2.0/gems/web-console-2.1.1/lib/web_console/templates/_markup.html (0.7ms)
  Rendered /Users/Bassem/.rvm/gems/ruby-2.2.0/gems/web-console-2.1.1/lib/web_console/templates/style.css within layouts/inlined_string (0.5ms)
  Rendered /Users/Bassem/.rvm/gems/ruby-2.2.0/gems/web-console-2.1.1/lib/web_console/templates/_inner_console_markup.html within layouts/inlined_string (0.3ms)
  Rendered /Users/Bassem/.rvm/gems/ruby-2.2.0/gems/web-console-2.1.1/lib/web_console/templates/_prompt_box_markup.html within layouts/inlined_string (0.3ms)
  Rendered /Users/Bassem/.rvm/gems/ruby-2.2.0/gems/web-console-2.1.1/lib/web_console/templates/console.js within layouts/javascript (57.8ms)
  Rendered /Users/Bassem/.rvm/gems/ruby-2.2.0/gems/web-console-2.1.1/lib/web_console/templates/main.js within layouts/javascript (0.4ms)
  Rendered /Users/Bassem/.rvm/gems/ruby-2.2.0/gems/web-console-2.1.1/lib/web_console/templates/error_page.js within layouts/javascript (0.4ms)
  Rendered /Users/Bassem/.rvm/gems/ruby-2.2.0/gems/web-console-2.1.1/lib/web_console/templates/index.html (121.9ms)


Started GET "/user/sign_up" for ::1 at 2015-03-10 14:45:13 +0200
  [1m[36mActiveRecord::SchemaMigration Load (0.1ms)[0m  [1mSELECT "schema_migrations".* FROM "schema_migrations"[0m

ActionController::RoutingError (No route matches [GET] "/user/sign_up"):
  actionpack (4.2.0) lib/action_dispatch/middleware/debug_exceptions.rb:21:in `call'
  web-console (2.1.1) lib/web_console/middleware.rb:37:in `call'
  actionpack (4.2.0) lib/action_dispatch/middleware/show_exceptions.rb:30:in `call'
  railties (4.2.0) lib/rails/rack/logger.rb:38:in `call_app'
  railties (4.2.0) lib/rails/rack/logger.rb:20:in `block in call'
  activesupport (4.2.0) lib/active_support/tagged_logging.rb:68:in `block in tagged'
  activesupport (4.2.0) lib/active_support/tagged_logging.rb:26:in `tagged'
  activesupport (4.2.0) lib/active_support/tagged_logging.rb:68:in `tagged'
  railties (4.2.0) lib/rails/rack/logger.rb:20:in `call'
  actionpack (4.2.0) lib/action_dispatch/middleware/request_id.rb:21:in `call'
  rack (1.6.0) lib/rack/methodoverride.rb:22:in `call'
  rack (1.6.0) lib/rack/runtime.rb:18:in `call'
  activesupport (4.2.0) lib/active_support/cache/strategy/local_cache_middleware.rb:28:in `call'
  rack (1.6.0) lib/rack/lock.rb:17:in `call'
  actionpack (4.2.0) lib/action_dispatch/middleware/static.rb:113:in `call'
  rack (1.6.0) lib/rack/sendfile.rb:113:in `call'
  railties (4.2.0) lib/rails/engine.rb:518:in `call'
  railties (4.2.0) lib/rails/application.rb:164:in `call'
  rack (1.6.0) lib/rack/lock.rb:17:in `call'
  rack (1.6.0) lib/rack/content_length.rb:15:in `call'
  rack (1.6.0) lib/rack/handler/webrick.rb:89:in `service'
  /Users/Bassem/.rvm/rubies/ruby-2.2.0/lib/ruby/2.2.0/webrick/httpserver.rb:138:in `service'
  /Users/Bassem/.rvm/rubies/ruby-2.2.0/lib/ruby/2.2.0/webrick/httpserver.rb:94:in `run'
  /Users/Bassem/.rvm/rubies/ruby-2.2.0/lib/ruby/2.2.0/webrick/server.rb:294:in `block in start_thread'


  Rendered /Users/Bassem/.rvm/gems/ruby-2.2.0@global/gems/actionpack-4.2.0/lib/action_dispatch/middleware/templates/rescues/_trace.html.erb (1.7ms)
  Rendered /Users/Bassem/.rvm/gems/ruby-2.2.0@global/gems/actionpack-4.2.0/lib/action_dispatch/middleware/templates/routes/_route.html.erb (2.0ms)
  Rendered /Users/Bassem/.rvm/gems/ruby-2.2.0@global/gems/actionpack-4.2.0/lib/action_dispatch/middleware/templates/routes/_table.html.erb (9.0ms)
  Rendered /Users/Bassem/.rvm/gems/ruby-2.2.0@global/gems/actionpack-4.2.0/lib/action_dispatch/middleware/templates/rescues/_request_and_response.html.erb (12.9ms)
  Rendered /Users/Bassem/.rvm/gems/ruby-2.2.0@global/gems/actionpack-4.2.0/lib/action_dispatch/middleware/templates/rescues/routing_error.html.erb within rescues/layout (111.2ms)
  Rendered /Users/Bassem/.rvm/gems/ruby-2.2.0/gems/web-console-2.1.1/lib/web_console/templates/_markup.html (0.4ms)
  Rendered /Users/Bassem/.rvm/gems/ruby-2.2.0/gems/web-console-2.1.1/lib/web_console/templates/style.css within layouts/inlined_string (0.5ms)
  Rendered /Users/Bassem/.rvm/gems/ruby-2.2.0/gems/web-console-2.1.1/lib/web_console/templates/_inner_console_markup.html within layouts/inlined_string (0.3ms)
  Rendered /Users/Bassem/.rvm/gems/ruby-2.2.0/gems/web-console-2.1.1/lib/web_console/templates/_prompt_box_markup.html within layouts/inlined_string (0.3ms)
  Rendered /Users/Bassem/.rvm/gems/ruby-2.2.0/gems/web-console-2.1.1/lib/web_console/templates/console.js within layouts/javascript (46.7ms)
  Rendered /Users/Bassem/.rvm/gems/ruby-2.2.0/gems/web-console-2.1.1/lib/web_console/templates/main.js within layouts/javascript (0.5ms)
  Rendered /Users/Bassem/.rvm/gems/ruby-2.2.0/gems/web-console-2.1.1/lib/web_console/templates/error_page.js within layouts/javascript (0.4ms)
  Rendered /Users/Bassem/.rvm/gems/ruby-2.2.0/gems/web-console-2.1.1/lib/web_console/templates/index.html (104.8ms)


Started GET "/users/sign_up" for ::1 at 2015-03-10 14:45:20 +0200
Processing by Devise::RegistrationsController#new as HTML
  Rendered devise/shared/_links.html.erb (6.1ms)
  Rendered devise/registrations/new.html.erb within layouts/application (33.0ms)
Completed 200 OK in 1291ms (Views: 1275.8ms | ActiveRecord: 0.6ms)


Started GET "/assets/application-5266d2988799ecc8fe6e81eaab412e7d.css?body=1" for ::1 at 2015-03-10 14:45:21 +0200


Started GET "/assets/jquery-87424c3c19e96d4fb033c10ebe21ec40.js?body=1" for ::1 at 2015-03-10 14:45:21 +0200


Started GET "/assets/jquery_ujs-e27bd20a10d28155845a22d71ef94f2f.js?body=1" for ::1 at 2015-03-10 14:45:21 +0200


Started GET "/assets/turbolinks-f87b3583ca50adb0488b031297f5580d.js?body=1" for ::1 at 2015-03-10 14:45:21 +0200


Started GET "/assets/application-bc105cf26f847567b5eae624a793b626.js?body=1" for ::1 at 2015-03-10 14:45:21 +0200
  [1m[36mActiveRecord::SchemaMigration Load (0.3ms)[0m  [1mSELECT "schema_migrations".* FROM "schema_migrations"[0m
  [1m[35mActiveRecord::SchemaMigration Load (0.1ms)[0m  SELECT "schema_migrations".* FROM "schema_migrations"
  [1m[36m (0.1ms)[0m  [1m            SELECT sql
            FROM sqlite_master
            WHERE name='index_users_on_reset_password_token' AND type='index'
            UNION ALL
            SELECT sql
            FROM sqlite_temp_master
            WHERE name='index_users_on_reset_password_token' AND type='index'
[0m
  [1m[35m (0.1ms)[0m              SELECT sql
            FROM sqlite_master
            WHERE name='index_users_on_email' AND type='index'
            UNION ALL
            SELECT sql
            FROM sqlite_temp_master
            WHERE name='index_users_on_email' AND type='index'



Started GET "/users/sign_up" for ::1 at 2015-03-10 15:25:54 +0200
  [1m[36mActiveRecord::SchemaMigration Load (0.1ms)[0m  [1mSELECT "schema_migrations".* FROM "schema_migrations"[0m
Processing by Devise::RegistrationsController#new as HTML
  Rendered devise/shared/_links.html.erb (6.7ms)
  Rendered devise/registrations/new.html.erb within layouts/application (43.7ms)
Completed 500 Internal Server Error in 83ms

SyntaxError (/Users/Bassem/app/app/views/layouts/application.html.erb:30: syntax error, unexpected keyword_ensure, expecting keyword_end
/Users/Bassem/app/app/views/layouts/application.html.erb:32: syntax error, unexpected end-of-input, expecting keyword_end):
  app/views/layouts/application.html.erb:30: syntax error, unexpected keyword_ensure, expecting keyword_end
  app/views/layouts/application.html.erb:32: syntax error, unexpected end-of-input, expecting keyword_end


  Rendered /Users/Bassem/.rvm/gems/ruby-2.2.0@global/gems/actionpack-4.2.0/lib/action_dispatch/middleware/templates/rescues/_source.erb (8.2ms)
  Rendered /Users/Bassem/.rvm/gems/ruby-2.2.0@global/gems/actionpack-4.2.0/lib/action_dispatch/middleware/templates/rescues/_trace.html.erb (3.5ms)
  Rendered /Users/Bassem/.rvm/gems/ruby-2.2.0@global/gems/actionpack-4.2.0/lib/action_dispatch/middleware/templates/rescues/_request_and_response.html.erb (1.1ms)
  Rendered /Users/Bassem/.rvm/gems/ruby-2.2.0@global/gems/actionpack-4.2.0/lib/action_dispatch/middleware/templates/rescues/diagnostics.html.erb within rescues/layout (75.1ms)
  Rendered /Users/Bassem/.rvm/gems/ruby-2.2.0/gems/web-console-2.1.1/lib/web_console/templates/_markup.html (0.4ms)
  Rendered /Users/Bassem/.rvm/gems/ruby-2.2.0/gems/web-console-2.1.1/lib/web_console/templates/style.css within layouts/inlined_string (0.4ms)
  Rendered /Users/Bassem/.rvm/gems/ruby-2.2.0/gems/web-console-2.1.1/lib/web_console/templates/_inner_console_markup.html within layouts/inlined_string (0.3ms)
  Rendered /Users/Bassem/.rvm/gems/ruby-2.2.0/gems/web-console-2.1.1/lib/web_console/templates/_prompt_box_markup.html within layouts/inlined_string (0.5ms)
  Rendered /Users/Bassem/.rvm/gems/ruby-2.2.0/gems/web-console-2.1.1/lib/web_console/templates/console.js within layouts/javascript (46.8ms)
  Rendered /Users/Bassem/.rvm/gems/ruby-2.2.0/gems/web-console-2.1.1/lib/web_console/templates/main.js within layouts/javascript (0.4ms)
  Rendered /Users/Bassem/.rvm/gems/ruby-2.2.0/gems/web-console-2.1.1/lib/web_console/templates/error_page.js within layouts/javascript (0.4ms)
  Rendered /Users/Bassem/.rvm/gems/ruby-2.2.0/gems/web-console-2.1.1/lib/web_console/templates/index.html (108.5ms)


Started GET "/" for ::1 at 2015-03-10 15:34:49 +0200
  [1m[36mActiveRecord::SchemaMigration Load (0.5ms)[0m  [1mSELECT "schema_migrations".* FROM "schema_migrations"[0m
Processing by Rails::WelcomeController#index as HTML
  Rendered /Users/Bassem/.rvm/gems/ruby-2.2.0@global/gems/railties-4.2.0/lib/rails/templates/rails/welcome/index.html.erb (2.0ms)
Completed 200 OK in 23ms (Views: 12.9ms | ActiveRecord: 0.0ms)


Started GET "/" for ::1 at 2015-03-10 15:34:50 +0200
Processing by Rails::WelcomeController#index as HTML
  Rendered /Users/Bassem/.rvm/gems/ruby-2.2.0@global/gems/railties-4.2.0/lib/rails/templates/rails/welcome/index.html.erb (0.0ms)
Completed 200 OK in 2ms (Views: 2.0ms | ActiveRecord: 0.0ms)


Started GET "/" for ::1 at 2015-03-10 15:34:50 +0200
Processing by Rails::WelcomeController#index as HTML
  Rendered /Users/Bassem/.rvm/gems/ruby-2.2.0@global/gems/railties-4.2.0/lib/rails/templates/rails/welcome/index.html.erb (0.0ms)
Completed 200 OK in 2ms (Views: 2.1ms | ActiveRecord: 0.0ms)


Started GET "/sign_in" for ::1 at 2015-03-10 15:34:57 +0200

ActionController::RoutingError (No route matches [GET] "/sign_in"):
  actionpack (4.2.0) lib/action_dispatch/middleware/debug_exceptions.rb:21:in `call'
  web-console (2.1.1) lib/web_console/middleware.rb:37:in `call'
  actionpack (4.2.0) lib/action_dispatch/middleware/show_exceptions.rb:30:in `call'
  railties (4.2.0) lib/rails/rack/logger.rb:38:in `call_app'
  railties (4.2.0) lib/rails/rack/logger.rb:20:in `block in call'
  activesupport (4.2.0) lib/active_support/tagged_logging.rb:68:in `block in tagged'
  activesupport (4.2.0) lib/active_support/tagged_logging.rb:26:in `tagged'
  activesupport (4.2.0) lib/active_support/tagged_logging.rb:68:in `tagged'
  railties (4.2.0) lib/rails/rack/logger.rb:20:in `call'
  actionpack (4.2.0) lib/action_dispatch/middleware/request_id.rb:21:in `call'
  rack (1.6.0) lib/rack/methodoverride.rb:22:in `call'
  rack (1.6.0) lib/rack/runtime.rb:18:in `call'
  activesupport (4.2.0) lib/active_support/cache/strategy/local_cache_middleware.rb:28:in `call'
  rack (1.6.0) lib/rack/lock.rb:17:in `call'
  actionpack (4.2.0) lib/action_dispatch/middleware/static.rb:113:in `call'
  rack (1.6.0) lib/rack/sendfile.rb:113:in `call'
  railties (4.2.0) lib/rails/engine.rb:518:in `call'
  railties (4.2.0) lib/rails/application.rb:164:in `call'
  rack (1.6.0) lib/rack/lock.rb:17:in `call'
  rack (1.6.0) lib/rack/content_length.rb:15:in `call'
  rack (1.6.0) lib/rack/handler/webrick.rb:89:in `service'
  /Users/Bassem/.rvm/rubies/ruby-2.2.0/lib/ruby/2.2.0/webrick/httpserver.rb:138:in `service'
  /Users/Bassem/.rvm/rubies/ruby-2.2.0/lib/ruby/2.2.0/webrick/httpserver.rb:94:in `run'
  /Users/Bassem/.rvm/rubies/ruby-2.2.0/lib/ruby/2.2.0/webrick/server.rb:294:in `block in start_thread'


  Rendered /Users/Bassem/.rvm/gems/ruby-2.2.0@global/gems/actionpack-4.2.0/lib/action_dispatch/middleware/templates/rescues/_trace.html.erb (2.3ms)
  Rendered /Users/Bassem/.rvm/gems/ruby-2.2.0@global/gems/actionpack-4.2.0/lib/action_dispatch/middleware/templates/routes/_route.html.erb (1.5ms)
  Rendered /Users/Bassem/.rvm/gems/ruby-2.2.0@global/gems/actionpack-4.2.0/lib/action_dispatch/middleware/templates/routes/_table.html.erb (8.7ms)
  Rendered /Users/Bassem/.rvm/gems/ruby-2.2.0@global/gems/actionpack-4.2.0/lib/action_dispatch/middleware/templates/rescues/_request_and_response.html.erb (1.1ms)
  Rendered /Users/Bassem/.rvm/gems/ruby-2.2.0@global/gems/actionpack-4.2.0/lib/action_dispatch/middleware/templates/rescues/routing_error.html.erb within rescues/layout (98.0ms)
  Rendered /Users/Bassem/.rvm/gems/ruby-2.2.0/gems/web-console-2.1.1/lib/web_console/templates/_markup.html (0.5ms)
  Rendered /Users/Bassem/.rvm/gems/ruby-2.2.0/gems/web-console-2.1.1/lib/web_console/templates/style.css within layouts/inlined_string (0.4ms)
  Rendered /Users/Bassem/.rvm/gems/ruby-2.2.0/gems/web-console-2.1.1/lib/web_console/templates/_inner_console_markup.html within layouts/inlined_string (0.3ms)
  Rendered /Users/Bassem/.rvm/gems/ruby-2.2.0/gems/web-console-2.1.1/lib/web_console/templates/_prompt_box_markup.html within layouts/inlined_string (0.3ms)
  Rendered /Users/Bassem/.rvm/gems/ruby-2.2.0/gems/web-console-2.1.1/lib/web_console/templates/console.js within layouts/javascript (49.3ms)
  Rendered /Users/Bassem/.rvm/gems/ruby-2.2.0/gems/web-console-2.1.1/lib/web_console/templates/main.js within layouts/javascript (0.5ms)
  Rendered /Users/Bassem/.rvm/gems/ruby-2.2.0/gems/web-console-2.1.1/lib/web_console/templates/error_page.js within layouts/javascript (0.4ms)
  Rendered /Users/Bassem/.rvm/gems/ruby-2.2.0/gems/web-console-2.1.1/lib/web_console/templates/index.html (109.8ms)


Started GET "/sign_in" for ::1 at 2015-03-10 15:35:10 +0200

ActionController::RoutingError (No route matches [GET] "/sign_in"):
  actionpack (4.2.0) lib/action_dispatch/middleware/debug_exceptions.rb:21:in `call'
  web-console (2.1.1) lib/web_console/middleware.rb:37:in `call'
  actionpack (4.2.0) lib/action_dispatch/middleware/show_exceptions.rb:30:in `call'
  railties (4.2.0) lib/rails/rack/logger.rb:38:in `call_app'
  railties (4.2.0) lib/rails/rack/logger.rb:20:in `block in call'
  activesupport (4.2.0) lib/active_support/tagged_logging.rb:68:in `block in tagged'
  activesupport (4.2.0) lib/active_support/tagged_logging.rb:26:in `tagged'
  activesupport (4.2.0) lib/active_support/tagged_logging.rb:68:in `tagged'
  railties (4.2.0) lib/rails/rack/logger.rb:20:in `call'
  actionpack (4.2.0) lib/action_dispatch/middleware/request_id.rb:21:in `call'
  rack (1.6.0) lib/rack/methodoverride.rb:22:in `call'
  rack (1.6.0) lib/rack/runtime.rb:18:in `call'
  activesupport (4.2.0) lib/active_support/cache/strategy/local_cache_middleware.rb:28:in `call'
  rack (1.6.0) lib/rack/lock.rb:17:in `call'
  actionpack (4.2.0) lib/action_dispatch/middleware/static.rb:113:in `call'
  rack (1.6.0) lib/rack/sendfile.rb:113:in `call'
  railties (4.2.0) lib/rails/engine.rb:518:in `call'
  railties (4.2.0) lib/rails/application.rb:164:in `call'
  rack (1.6.0) lib/rack/lock.rb:17:in `call'
  rack (1.6.0) lib/rack/content_length.rb:15:in `call'
  rack (1.6.0) lib/rack/handler/webrick.rb:89:in `service'
  /Users/Bassem/.rvm/rubies/ruby-2.2.0/lib/ruby/2.2.0/webrick/httpserver.rb:138:in `service'
  /Users/Bassem/.rvm/rubies/ruby-2.2.0/lib/ruby/2.2.0/webrick/httpserver.rb:94:in `run'
  /Users/Bassem/.rvm/rubies/ruby-2.2.0/lib/ruby/2.2.0/webrick/server.rb:294:in `block in start_thread'


  Rendered /Users/Bassem/.rvm/gems/ruby-2.2.0@global/gems/actionpack-4.2.0/lib/action_dispatch/middleware/templates/rescues/_trace.html.erb (1.2ms)
  Rendered /Users/Bassem/.rvm/gems/ruby-2.2.0@global/gems/actionpack-4.2.0/lib/action_dispatch/middleware/templates/routes/_route.html.erb (1.1ms)
  Rendered /Users/Bassem/.rvm/gems/ruby-2.2.0@global/gems/actionpack-4.2.0/lib/action_dispatch/middleware/templates/routes/_table.html.erb (1.4ms)
  Rendered /Users/Bassem/.rvm/gems/ruby-2.2.0@global/gems/actionpack-4.2.0/lib/action_dispatch/middleware/templates/rescues/_request_and_response.html.erb (1.0ms)
  Rendered /Users/Bassem/.rvm/gems/ruby-2.2.0@global/gems/actionpack-4.2.0/lib/action_dispatch/middleware/templates/rescues/routing_error.html.erb within rescues/layout (81.6ms)
  Rendered /Users/Bassem/.rvm/gems/ruby-2.2.0/gems/web-console-2.1.1/lib/web_console/templates/_markup.html (0.4ms)
  Rendered /Users/Bassem/.rvm/gems/ruby-2.2.0/gems/web-console-2.1.1/lib/web_console/templates/style.css within layouts/inlined_string (0.5ms)
  Rendered /Users/Bassem/.rvm/gems/ruby-2.2.0/gems/web-console-2.1.1/lib/web_console/templates/_inner_console_markup.html within layouts/inlined_string (0.3ms)
  Rendered /Users/Bassem/.rvm/gems/ruby-2.2.0/gems/web-console-2.1.1/lib/web_console/templates/_prompt_box_markup.html within layouts/inlined_string (0.3ms)
  Rendered /Users/Bassem/.rvm/gems/ruby-2.2.0/gems/web-console-2.1.1/lib/web_console/templates/console.js within layouts/javascript (47.2ms)
  Rendered /Users/Bassem/.rvm/gems/ruby-2.2.0/gems/web-console-2.1.1/lib/web_console/templates/main.js within layouts/javascript (0.3ms)
  Rendered /Users/Bassem/.rvm/gems/ruby-2.2.0/gems/web-console-2.1.1/lib/web_console/templates/error_page.js within layouts/javascript (0.5ms)
  Rendered /Users/Bassem/.rvm/gems/ruby-2.2.0/gems/web-console-2.1.1/lib/web_console/templates/index.html (97.1ms)


Started GET "/sign_up" for ::1 at 2015-03-10 15:35:11 +0200

ActionController::RoutingError (No route matches [GET] "/sign_up"):
  actionpack (4.2.0) lib/action_dispatch/middleware/debug_exceptions.rb:21:in `call'
  web-console (2.1.1) lib/web_console/middleware.rb:37:in `call'
  actionpack (4.2.0) lib/action_dispatch/middleware/show_exceptions.rb:30:in `call'
  railties (4.2.0) lib/rails/rack/logger.rb:38:in `call_app'
  railties (4.2.0) lib/rails/rack/logger.rb:20:in `block in call'
  activesupport (4.2.0) lib/active_support/tagged_logging.rb:68:in `block in tagged'
  activesupport (4.2.0) lib/active_support/tagged_logging.rb:26:in `tagged'
  activesupport (4.2.0) lib/active_support/tagged_logging.rb:68:in `tagged'
  railties (4.2.0) lib/rails/rack/logger.rb:20:in `call'
  actionpack (4.2.0) lib/action_dispatch/middleware/request_id.rb:21:in `call'
  rack (1.6.0) lib/rack/methodoverride.rb:22:in `call'
  rack (1.6.0) lib/rack/runtime.rb:18:in `call'
  activesupport (4.2.0) lib/active_support/cache/strategy/local_cache_middleware.rb:28:in `call'
  rack (1.6.0) lib/rack/lock.rb:17:in `call'
  actionpack (4.2.0) lib/action_dispatch/middleware/static.rb:113:in `call'
  rack (1.6.0) lib/rack/sendfile.rb:113:in `call'
  railties (4.2.0) lib/rails/engine.rb:518:in `call'
  railties (4.2.0) lib/rails/application.rb:164:in `call'
  rack (1.6.0) lib/rack/lock.rb:17:in `call'
  rack (1.6.0) lib/rack/content_length.rb:15:in `call'
  rack (1.6.0) lib/rack/handler/webrick.rb:89:in `service'
  /Users/Bassem/.rvm/rubies/ruby-2.2.0/lib/ruby/2.2.0/webrick/httpserver.rb:138:in `service'
  /Users/Bassem/.rvm/rubies/ruby-2.2.0/lib/ruby/2.2.0/webrick/httpserver.rb:94:in `run'
  /Users/Bassem/.rvm/rubies/ruby-2.2.0/lib/ruby/2.2.0/webrick/server.rb:294:in `block in start_thread'


  Rendered /Users/Bassem/.rvm/gems/ruby-2.2.0@global/gems/actionpack-4.2.0/lib/action_dispatch/middleware/templates/rescues/_trace.html.erb (1.9ms)
  Rendered /Users/Bassem/.rvm/gems/ruby-2.2.0@global/gems/actionpack-4.2.0/lib/action_dispatch/middleware/templates/routes/_route.html.erb (1.2ms)
  Rendered /Users/Bassem/.rvm/gems/ruby-2.2.0@global/gems/actionpack-4.2.0/lib/action_dispatch/middleware/templates/routes/_table.html.erb (1.5ms)
  Rendered /Users/Bassem/.rvm/gems/ruby-2.2.0@global/gems/actionpack-4.2.0/lib/action_dispatch/middleware/templates/rescues/_request_and_response.html.erb (0.9ms)
  Rendered /Users/Bassem/.rvm/gems/ruby-2.2.0@global/gems/actionpack-4.2.0/lib/action_dispatch/middleware/templates/rescues/routing_error.html.erb within rescues/layout (77.5ms)
  Rendered /Users/Bassem/.rvm/gems/ruby-2.2.0/gems/web-console-2.1.1/lib/web_console/templates/_markup.html (0.4ms)
  Rendered /Users/Bassem/.rvm/gems/ruby-2.2.0/gems/web-console-2.1.1/lib/web_console/templates/style.css within layouts/inlined_string (0.3ms)
  Rendered /Users/Bassem/.rvm/gems/ruby-2.2.0/gems/web-console-2.1.1/lib/web_console/templates/_inner_console_markup.html within layouts/inlined_string (0.5ms)
  Rendered /Users/Bassem/.rvm/gems/ruby-2.2.0/gems/web-console-2.1.1/lib/web_console/templates/_prompt_box_markup.html within layouts/inlined_string (0.3ms)
  Rendered /Users/Bassem/.rvm/gems/ruby-2.2.0/gems/web-console-2.1.1/lib/web_console/templates/console.js within layouts/javascript (41.1ms)
  Rendered /Users/Bassem/.rvm/gems/ruby-2.2.0/gems/web-console-2.1.1/lib/web_console/templates/main.js within layouts/javascript (0.3ms)
  Rendered /Users/Bassem/.rvm/gems/ruby-2.2.0/gems/web-console-2.1.1/lib/web_console/templates/error_page.js within layouts/javascript (0.4ms)
  Rendered /Users/Bassem/.rvm/gems/ruby-2.2.0/gems/web-console-2.1.1/lib/web_console/templates/index.html (90.4ms)


Started GET "/" for ::1 at 2015-03-10 15:36:33 +0200
  [1m[36mActiveRecord::SchemaMigration Load (0.2ms)[0m  [1mSELECT "schema_migrations".* FROM "schema_migrations"[0m
Processing by Rails::WelcomeController#index as HTML
  Rendered /Users/Bassem/.rvm/gems/ruby-2.2.0@global/gems/railties-4.2.0/lib/rails/templates/rails/welcome/index.html.erb (1.5ms)
Completed 200 OK in 22ms (Views: 12.5ms | ActiveRecord: 0.0ms)


Started GET "/" for ::1 at 2015-03-10 15:36:35 +0200
Processing by Rails::WelcomeController#index as HTML
  Rendered /Users/Bassem/.rvm/gems/ruby-2.2.0@global/gems/railties-4.2.0/lib/rails/templates/rails/welcome/index.html.erb (0.0ms)
Completed 200 OK in 2ms (Views: 1.8ms | ActiveRecord: 0.0ms)


Started GET "/sign_in" for ::1 at 2015-03-10 15:36:37 +0200

ActionController::RoutingError (No route matches [GET] "/sign_in"):
  actionpack (4.2.0) lib/action_dispatch/middleware/debug_exceptions.rb:21:in `call'
  web-console (2.1.1) lib/web_console/middleware.rb:37:in `call'
  actionpack (4.2.0) lib/action_dispatch/middleware/show_exceptions.rb:30:in `call'
  railties (4.2.0) lib/rails/rack/logger.rb:38:in `call_app'
  railties (4.2.0) lib/rails/rack/logger.rb:20:in `block in call'
  activesupport (4.2.0) lib/active_support/tagged_logging.rb:68:in `block in tagged'
  activesupport (4.2.0) lib/active_support/tagged_logging.rb:26:in `tagged'
  activesupport (4.2.0) lib/active_support/tagged_logging.rb:68:in `tagged'
  railties (4.2.0) lib/rails/rack/logger.rb:20:in `call'
  actionpack (4.2.0) lib/action_dispatch/middleware/request_id.rb:21:in `call'
  rack (1.6.0) lib/rack/methodoverride.rb:22:in `call'
  rack (1.6.0) lib/rack/runtime.rb:18:in `call'
  activesupport (4.2.0) lib/active_support/cache/strategy/local_cache_middleware.rb:28:in `call'
  rack (1.6.0) lib/rack/lock.rb:17:in `call'
  actionpack (4.2.0) lib/action_dispatch/middleware/static.rb:113:in `call'
  rack (1.6.0) lib/rack/sendfile.rb:113:in `call'
  railties (4.2.0) lib/rails/engine.rb:518:in `call'
  railties (4.2.0) lib/rails/application.rb:164:in `call'
  rack (1.6.0) lib/rack/lock.rb:17:in `call'
  rack (1.6.0) lib/rack/content_length.rb:15:in `call'
  rack (1.6.0) lib/rack/handler/webrick.rb:89:in `service'
  /Users/Bassem/.rvm/rubies/ruby-2.2.0/lib/ruby/2.2.0/webrick/httpserver.rb:138:in `service'
  /Users/Bassem/.rvm/rubies/ruby-2.2.0/lib/ruby/2.2.0/webrick/httpserver.rb:94:in `run'
  /Users/Bassem/.rvm/rubies/ruby-2.2.0/lib/ruby/2.2.0/webrick/server.rb:294:in `block in start_thread'


  Rendered /Users/Bassem/.rvm/gems/ruby-2.2.0@global/gems/actionpack-4.2.0/lib/action_dispatch/middleware/templates/rescues/_trace.html.erb (1.9ms)
  Rendered /Users/Bassem/.rvm/gems/ruby-2.2.0@global/gems/actionpack-4.2.0/lib/action_dispatch/middleware/templates/routes/_route.html.erb (1.1ms)
  Rendered /Users/Bassem/.rvm/gems/ruby-2.2.0@global/gems/actionpack-4.2.0/lib/action_dispatch/middleware/templates/routes/_table.html.erb (5.5ms)
  Rendered /Users/Bassem/.rvm/gems/ruby-2.2.0@global/gems/actionpack-4.2.0/lib/action_dispatch/middleware/templates/rescues/_request_and_response.html.erb (1.3ms)
  Rendered /Users/Bassem/.rvm/gems/ruby-2.2.0@global/gems/actionpack-4.2.0/lib/action_dispatch/middleware/templates/rescues/routing_error.html.erb within rescues/layout (90.9ms)
  Rendered /Users/Bassem/.rvm/gems/ruby-2.2.0/gems/web-console-2.1.1/lib/web_console/templates/_markup.html (0.4ms)
  Rendered /Users/Bassem/.rvm/gems/ruby-2.2.0/gems/web-console-2.1.1/lib/web_console/templates/style.css within layouts/inlined_string (0.3ms)
  Rendered /Users/Bassem/.rvm/gems/ruby-2.2.0/gems/web-console-2.1.1/lib/web_console/templates/_inner_console_markup.html within layouts/inlined_string (0.3ms)
  Rendered /Users/Bassem/.rvm/gems/ruby-2.2.0/gems/web-console-2.1.1/lib/web_console/templates/_prompt_box_markup.html within layouts/inlined_string (0.3ms)
  Rendered /Users/Bassem/.rvm/gems/ruby-2.2.0/gems/web-console-2.1.1/lib/web_console/templates/console.js within layouts/javascript (46.0ms)
  Rendered /Users/Bassem/.rvm/gems/ruby-2.2.0/gems/web-console-2.1.1/lib/web_console/templates/main.js within layouts/javascript (0.4ms)
  Rendered /Users/Bassem/.rvm/gems/ruby-2.2.0/gems/web-console-2.1.1/lib/web_console/templates/error_page.js within layouts/javascript (0.4ms)
  Rendered /Users/Bassem/.rvm/gems/ruby-2.2.0/gems/web-console-2.1.1/lib/web_console/templates/index.html (102.8ms)


Started GET "/sign_in" for ::1 at 2015-03-10 15:36:41 +0200

ActionController::RoutingError (No route matches [GET] "/sign_in"):
  actionpack (4.2.0) lib/action_dispatch/middleware/debug_exceptions.rb:21:in `call'
  web-console (2.1.1) lib/web_console/middleware.rb:37:in `call'
  actionpack (4.2.0) lib/action_dispatch/middleware/show_exceptions.rb:30:in `call'
  railties (4.2.0) lib/rails/rack/logger.rb:38:in `call_app'
  railties (4.2.0) lib/rails/rack/logger.rb:20:in `block in call'
  activesupport (4.2.0) lib/active_support/tagged_logging.rb:68:in `block in tagged'
  activesupport (4.2.0) lib/active_support/tagged_logging.rb:26:in `tagged'
  activesupport (4.2.0) lib/active_support/tagged_logging.rb:68:in `tagged'
  railties (4.2.0) lib/rails/rack/logger.rb:20:in `call'
  actionpack (4.2.0) lib/action_dispatch/middleware/request_id.rb:21:in `call'
  rack (1.6.0) lib/rack/methodoverride.rb:22:in `call'
  rack (1.6.0) lib/rack/runtime.rb:18:in `call'
  activesupport (4.2.0) lib/active_support/cache/strategy/local_cache_middleware.rb:28:in `call'
  rack (1.6.0) lib/rack/lock.rb:17:in `call'
  actionpack (4.2.0) lib/action_dispatch/middleware/static.rb:113:in `call'
  rack (1.6.0) lib/rack/sendfile.rb:113:in `call'
  railties (4.2.0) lib/rails/engine.rb:518:in `call'
  railties (4.2.0) lib/rails/application.rb:164:in `call'
  rack (1.6.0) lib/rack/lock.rb:17:in `call'
  rack (1.6.0) lib/rack/content_length.rb:15:in `call'
  rack (1.6.0) lib/rack/handler/webrick.rb:89:in `service'
  /Users/Bassem/.rvm/rubies/ruby-2.2.0/lib/ruby/2.2.0/webrick/httpserver.rb:138:in `service'
  /Users/Bassem/.rvm/rubies/ruby-2.2.0/lib/ruby/2.2.0/webrick/httpserver.rb:94:in `run'
  /Users/Bassem/.rvm/rubies/ruby-2.2.0/lib/ruby/2.2.0/webrick/server.rb:294:in `block in start_thread'


  Rendered /Users/Bassem/.rvm/gems/ruby-2.2.0@global/gems/actionpack-4.2.0/lib/action_dispatch/middleware/templates/rescues/_trace.html.erb (1.2ms)
  Rendered /Users/Bassem/.rvm/gems/ruby-2.2.0@global/gems/actionpack-4.2.0/lib/action_dispatch/middleware/templates/routes/_route.html.erb (1.1ms)
  Rendered /Users/Bassem/.rvm/gems/ruby-2.2.0@global/gems/actionpack-4.2.0/lib/action_dispatch/middleware/templates/routes/_table.html.erb (1.8ms)
  Rendered /Users/Bassem/.rvm/gems/ruby-2.2.0@global/gems/actionpack-4.2.0/lib/action_dispatch/middleware/templates/rescues/_request_and_response.html.erb (0.8ms)
  Rendered /Users/Bassem/.rvm/gems/ruby-2.2.0@global/gems/actionpack-4.2.0/lib/action_dispatch/middleware/templates/rescues/routing_error.html.erb within rescues/layout (76.9ms)
  Rendered /Users/Bassem/.rvm/gems/ruby-2.2.0/gems/web-console-2.1.1/lib/web_console/templates/_markup.html (0.3ms)
  Rendered /Users/Bassem/.rvm/gems/ruby-2.2.0/gems/web-console-2.1.1/lib/web_console/templates/style.css within layouts/inlined_string (0.3ms)
  Rendered /Users/Bassem/.rvm/gems/ruby-2.2.0/gems/web-console-2.1.1/lib/web_console/templates/_inner_console_markup.html within layouts/inlined_string (0.3ms)
  Rendered /Users/Bassem/.rvm/gems/ruby-2.2.0/gems/web-console-2.1.1/lib/web_console/templates/_prompt_box_markup.html within layouts/inlined_string (0.3ms)
  Rendered /Users/Bassem/.rvm/gems/ruby-2.2.0/gems/web-console-2.1.1/lib/web_console/templates/console.js within layouts/javascript (42.4ms)
  Rendered /Users/Bassem/.rvm/gems/ruby-2.2.0/gems/web-console-2.1.1/lib/web_console/templates/main.js within layouts/javascript (0.3ms)
  Rendered /Users/Bassem/.rvm/gems/ruby-2.2.0/gems/web-console-2.1.1/lib/web_console/templates/error_page.js within layouts/javascript (0.4ms)
  Rendered /Users/Bassem/.rvm/gems/ruby-2.2.0/gems/web-console-2.1.1/lib/web_console/templates/index.html (97.3ms)


Started GET "/user/sign_up" for ::1 at 2015-03-10 15:36:47 +0200

ActionController::RoutingError (No route matches [GET] "/user/sign_up"):
  actionpack (4.2.0) lib/action_dispatch/middleware/debug_exceptions.rb:21:in `call'
  web-console (2.1.1) lib/web_console/middleware.rb:37:in `call'
  actionpack (4.2.0) lib/action_dispatch/middleware/show_exceptions.rb:30:in `call'
  railties (4.2.0) lib/rails/rack/logger.rb:38:in `call_app'
  railties (4.2.0) lib/rails/rack/logger.rb:20:in `block in call'
  activesupport (4.2.0) lib/active_support/tagged_logging.rb:68:in `block in tagged'
  activesupport (4.2.0) lib/active_support/tagged_logging.rb:26:in `tagged'
  activesupport (4.2.0) lib/active_support/tagged_logging.rb:68:in `tagged'
  railties (4.2.0) lib/rails/rack/logger.rb:20:in `call'
  actionpack (4.2.0) lib/action_dispatch/middleware/request_id.rb:21:in `call'
  rack (1.6.0) lib/rack/methodoverride.rb:22:in `call'
  rack (1.6.0) lib/rack/runtime.rb:18:in `call'
  activesupport (4.2.0) lib/active_support/cache/strategy/local_cache_middleware.rb:28:in `call'
  rack (1.6.0) lib/rack/lock.rb:17:in `call'
  actionpack (4.2.0) lib/action_dispatch/middleware/static.rb:113:in `call'
  rack (1.6.0) lib/rack/sendfile.rb:113:in `call'
  railties (4.2.0) lib/rails/engine.rb:518:in `call'
  railties (4.2.0) lib/rails/application.rb:164:in `call'
  rack (1.6.0) lib/rack/lock.rb:17:in `call'
  rack (1.6.0) lib/rack/content_length.rb:15:in `call'
  rack (1.6.0) lib/rack/handler/webrick.rb:89:in `service'
  /Users/Bassem/.rvm/rubies/ruby-2.2.0/lib/ruby/2.2.0/webrick/httpserver.rb:138:in `service'
  /Users/Bassem/.rvm/rubies/ruby-2.2.0/lib/ruby/2.2.0/webrick/httpserver.rb:94:in `run'
  /Users/Bassem/.rvm/rubies/ruby-2.2.0/lib/ruby/2.2.0/webrick/server.rb:294:in `block in start_thread'


  Rendered /Users/Bassem/.rvm/gems/ruby-2.2.0@global/gems/actionpack-4.2.0/lib/action_dispatch/middleware/templates/rescues/_trace.html.erb (1.8ms)
  Rendered /Users/Bassem/.rvm/gems/ruby-2.2.0@global/gems/actionpack-4.2.0/lib/action_dispatch/middleware/templates/routes/_route.html.erb (1.1ms)
  Rendered /Users/Bassem/.rvm/gems/ruby-2.2.0@global/gems/actionpack-4.2.0/lib/action_dispatch/middleware/templates/routes/_table.html.erb (1.3ms)
  Rendered /Users/Bassem/.rvm/gems/ruby-2.2.0@global/gems/actionpack-4.2.0/lib/action_dispatch/middleware/templates/rescues/_request_and_response.html.erb (0.9ms)
  Rendered /Users/Bassem/.rvm/gems/ruby-2.2.0@global/gems/actionpack-4.2.0/lib/action_dispatch/middleware/templates/rescues/routing_error.html.erb within rescues/layout (81.3ms)
  Rendered /Users/Bassem/.rvm/gems/ruby-2.2.0/gems/web-console-2.1.1/lib/web_console/templates/_markup.html (0.4ms)
  Rendered /Users/Bassem/.rvm/gems/ruby-2.2.0/gems/web-console-2.1.1/lib/web_console/templates/style.css within layouts/inlined_string (0.5ms)
  Rendered /Users/Bassem/.rvm/gems/ruby-2.2.0/gems/web-console-2.1.1/lib/web_console/templates/_inner_console_markup.html within layouts/inlined_string (0.5ms)
  Rendered /Users/Bassem/.rvm/gems/ruby-2.2.0/gems/web-console-2.1.1/lib/web_console/templates/_prompt_box_markup.html within layouts/inlined_string (0.7ms)
  Rendered /Users/Bassem/.rvm/gems/ruby-2.2.0/gems/web-console-2.1.1/lib/web_console/templates/console.js within layouts/javascript (48.8ms)
  Rendered /Users/Bassem/.rvm/gems/ruby-2.2.0/gems/web-console-2.1.1/lib/web_console/templates/main.js within layouts/javascript (0.7ms)
  Rendered /Users/Bassem/.rvm/gems/ruby-2.2.0/gems/web-console-2.1.1/lib/web_console/templates/error_page.js within layouts/javascript (0.5ms)
  Rendered /Users/Bassem/.rvm/gems/ruby-2.2.0/gems/web-console-2.1.1/lib/web_console/templates/index.html (107.8ms)


Started GET "/user/Sign_up" for ::1 at 2015-03-10 15:36:59 +0200

ActionController::RoutingError (No route matches [GET] "/user/Sign_up"):
  actionpack (4.2.0) lib/action_dispatch/middleware/debug_exceptions.rb:21:in `call'
  web-console (2.1.1) lib/web_console/middleware.rb:37:in `call'
  actionpack (4.2.0) lib/action_dispatch/middleware/show_exceptions.rb:30:in `call'
  railties (4.2.0) lib/rails/rack/logger.rb:38:in `call_app'
  railties (4.2.0) lib/rails/rack/logger.rb:20:in `block in call'
  activesupport (4.2.0) lib/active_support/tagged_logging.rb:68:in `block in tagged'
  activesupport (4.2.0) lib/active_support/tagged_logging.rb:26:in `tagged'
  activesupport (4.2.0) lib/active_support/tagged_logging.rb:68:in `tagged'
  railties (4.2.0) lib/rails/rack/logger.rb:20:in `call'
  actionpack (4.2.0) lib/action_dispatch/middleware/request_id.rb:21:in `call'
  rack (1.6.0) lib/rack/methodoverride.rb:22:in `call'
  rack (1.6.0) lib/rack/runtime.rb:18:in `call'
  activesupport (4.2.0) lib/active_support/cache/strategy/local_cache_middleware.rb:28:in `call'
  rack (1.6.0) lib/rack/lock.rb:17:in `call'
  actionpack (4.2.0) lib/action_dispatch/middleware/static.rb:113:in `call'
  rack (1.6.0) lib/rack/sendfile.rb:113:in `call'
  railties (4.2.0) lib/rails/engine.rb:518:in `call'
  railties (4.2.0) lib/rails/application.rb:164:in `call'
  rack (1.6.0) lib/rack/lock.rb:17:in `call'
  rack (1.6.0) lib/rack/content_length.rb:15:in `call'
  rack (1.6.0) lib/rack/handler/webrick.rb:89:in `service'
  /Users/Bassem/.rvm/rubies/ruby-2.2.0/lib/ruby/2.2.0/webrick/httpserver.rb:138:in `service'
  /Users/Bassem/.rvm/rubies/ruby-2.2.0/lib/ruby/2.2.0/webrick/httpserver.rb:94:in `run'
  /Users/Bassem/.rvm/rubies/ruby-2.2.0/lib/ruby/2.2.0/webrick/server.rb:294:in `block in start_thread'


  Rendered /Users/Bassem/.rvm/gems/ruby-2.2.0@global/gems/actionpack-4.2.0/lib/action_dispatch/middleware/templates/rescues/_trace.html.erb (1.3ms)
  Rendered /Users/Bassem/.rvm/gems/ruby-2.2.0@global/gems/actionpack-4.2.0/lib/action_dispatch/middleware/templates/routes/_route.html.erb (1.2ms)
  Rendered /Users/Bassem/.rvm/gems/ruby-2.2.0@global/gems/actionpack-4.2.0/lib/action_dispatch/middleware/templates/routes/_table.html.erb (1.2ms)
  Rendered /Users/Bassem/.rvm/gems/ruby-2.2.0@global/gems/actionpack-4.2.0/lib/action_dispatch/middleware/templates/rescues/_request_and_response.html.erb (1.2ms)
  Rendered /Users/Bassem/.rvm/gems/ruby-2.2.0@global/gems/actionpack-4.2.0/lib/action_dispatch/middleware/templates/rescues/routing_error.html.erb within rescues/layout (92.5ms)
  Rendered /Users/Bassem/.rvm/gems/ruby-2.2.0/gems/web-console-2.1.1/lib/web_console/templates/_markup.html (0.5ms)
  Rendered /Users/Bassem/.rvm/gems/ruby-2.2.0/gems/web-console-2.1.1/lib/web_console/templates/style.css within layouts/inlined_string (0.4ms)
  Rendered /Users/Bassem/.rvm/gems/ruby-2.2.0/gems/web-console-2.1.1/lib/web_console/templates/_inner_console_markup.html within layouts/inlined_string (0.4ms)
  Rendered /Users/Bassem/.rvm/gems/ruby-2.2.0/gems/web-console-2.1.1/lib/web_console/templates/_prompt_box_markup.html within layouts/inlined_string (0.3ms)
  Rendered /Users/Bassem/.rvm/gems/ruby-2.2.0/gems/web-console-2.1.1/lib/web_console/templates/console.js within layouts/javascript (43.4ms)
  Rendered /Users/Bassem/.rvm/gems/ruby-2.2.0/gems/web-console-2.1.1/lib/web_console/templates/main.js within layouts/javascript (0.3ms)
  Rendered /Users/Bassem/.rvm/gems/ruby-2.2.0/gems/web-console-2.1.1/lib/web_console/templates/error_page.js within layouts/javascript (0.5ms)
  Rendered /Users/Bassem/.rvm/gems/ruby-2.2.0/gems/web-console-2.1.1/lib/web_console/templates/index.html (92.8ms)
  [1m[36mActiveRecord::SchemaMigration Load (16.6ms)[0m  [1mSELECT "schema_migrations".* FROM "schema_migrations"[0m
Migrating to AddIsSponsorToUsers (20150310183649)
  [1m[35m (0.2ms)[0m  begin transaction
  [1m[36m (22.3ms)[0m  [1mALTER TABLE "users" ADD "is_soponsor" integer DEFAULT 0[0m
  [1m[35m (0.2ms)[0m  ALTER TABLE "users" ADD "firstname" varchar
  [1m[36m (0.2ms)[0m  [1mALTER TABLE "users" ADD "lastname" varchar[0m
  [1m[35mSQL (1.1ms)[0m  INSERT INTO "schema_migrations" ("version") VALUES (?)  [["version", "20150310183649"]]
  [1m[36m (19.8ms)[0m  [1mcommit transaction[0m
  [1m[35mActiveRecord::SchemaMigration Load (0.1ms)[0m  SELECT "schema_migrations".* FROM "schema_migrations"
  [1m[36m (0.8ms)[0m  [1m            SELECT sql
            FROM sqlite_master
            WHERE name='index_users_on_reset_password_token' AND type='index'
            UNION ALL
            SELECT sql
            FROM sqlite_temp_master
            WHERE name='index_users_on_reset_password_token' AND type='index'
[0m
  [1m[35m (0.2ms)[0m              SELECT sql
            FROM sqlite_master
            WHERE name='index_users_on_email' AND type='index'
            UNION ALL
            SELECT sql
            FROM sqlite_temp_master
            WHERE name='index_users_on_email' AND type='index'

  [1m[36mActiveRecord::SchemaMigration Load (0.5ms)[0m  [1mSELECT "schema_migrations".* FROM "schema_migrations"[0m
  [1m[35mActiveRecord::SchemaMigration Load (0.1ms)[0m  SELECT "schema_migrations".* FROM "schema_migrations"
  [1m[36m (0.1ms)[0m  [1m            SELECT sql
            FROM sqlite_master
            WHERE name='index_users_on_reset_password_token' AND type='index'
            UNION ALL
            SELECT sql
            FROM sqlite_temp_master
            WHERE name='index_users_on_reset_password_token' AND type='index'
[0m
  [1m[35m (0.1ms)[0m              SELECT sql
            FROM sqlite_master
            WHERE name='index_users_on_email' AND type='index'
            UNION ALL
            SELECT sql
            FROM sqlite_temp_master
            WHERE name='index_users_on_email' AND type='index'

  [1m[36mActiveRecord::SchemaMigration Load (0.5ms)[0m  [1mSELECT "schema_migrations".* FROM "schema_migrations"[0m
Migrating to RemoveIsSponsorFromUsers (20150310184029)
  [1m[35m (0.2ms)[0m  begin transaction
  [1m[36m (58.1ms)[0m  [1mCREATE TEMPORARY TABLE "ausers" ("id" INTEGER PRIMARY KEY AUTOINCREMENT NOT NULL, "email" varchar DEFAULT '' NOT NULL, "encrypted_password" varchar DEFAULT '' NOT NULL, "reset_password_token" varchar, "reset_password_sent_at" datetime, "remember_created_at" datetime, "sign_in_count" integer DEFAULT 0 NOT NULL, "current_sign_in_at" datetime, "last_sign_in_at" datetime, "current_sign_in_ip" varchar, "last_sign_in_ip" varchar, "created_at" datetime, "updated_at" datetime, "is_soponsor" integer DEFAULT 0, "firstname" varchar, "lastname" varchar) [0m
  [1m[35m (0.1ms)[0m              SELECT sql
            FROM sqlite_master
            WHERE name='index_users_on_reset_password_token' AND type='index'
            UNION ALL
            SELECT sql
            FROM sqlite_temp_master
            WHERE name='index_users_on_reset_password_token' AND type='index'

  [1m[36m (0.1ms)[0m  [1m            SELECT sql
            FROM sqlite_master
            WHERE name='index_users_on_email' AND type='index'
            UNION ALL
            SELECT sql
            FROM sqlite_temp_master
            WHERE name='index_users_on_email' AND type='index'
[0m
  [1m[35m (0.4ms)[0m  select sqlite_version(*)
  [1m[36m (0.5ms)[0m  [1mCREATE UNIQUE INDEX "tindex_ausers_on_reset_password_token" ON "ausers" ("reset_password_token")[0m
  [1m[35m (0.2ms)[0m  CREATE UNIQUE INDEX "tindex_ausers_on_email" ON "ausers" ("email")
  [1m[36m (7.6ms)[0m  [1mSELECT * FROM "users"[0m
  [1m[35m (13.8ms)[0m  DROP TABLE "users"
  [1m[36m (0.4ms)[0m  [1mCREATE TABLE "users" ("id" INTEGER PRIMARY KEY AUTOINCREMENT NOT NULL, "email" varchar DEFAULT '' NOT NULL, "encrypted_password" varchar DEFAULT '' NOT NULL, "reset_password_token" varchar, "reset_password_sent_at" datetime, "remember_created_at" datetime, "sign_in_count" integer DEFAULT 0 NOT NULL, "current_sign_in_at" datetime, "last_sign_in_at" datetime, "current_sign_in_ip" varchar, "last_sign_in_ip" varchar, "created_at" datetime, "updated_at" datetime, "is_soponsor" integer DEFAULT 0, "firstname" varchar, "lastname" varchar) [0m
  [1m[35m (0.8ms)[0m              SELECT sql
            FROM sqlite_master
            WHERE name='tindex_ausers_on_email' AND type='index'
            UNION ALL
            SELECT sql
            FROM sqlite_temp_master
            WHERE name='tindex_ausers_on_email' AND type='index'

  [1m[36m (0.1ms)[0m  [1m            SELECT sql
            FROM sqlite_master
            WHERE name='tindex_ausers_on_reset_password_token' AND type='index'
            UNION ALL
            SELECT sql
            FROM sqlite_temp_master
            WHERE name='tindex_ausers_on_reset_password_token' AND type='index'
[0m
  [1m[35m (0.5ms)[0m  CREATE UNIQUE INDEX "index_users_on_email" ON "users" ("email")
  [1m[36m (0.1ms)[0m  [1m            SELECT sql
            FROM sqlite_master
            WHERE name='index_users_on_email' AND type='index'
            UNION ALL
            SELECT sql
            FROM sqlite_temp_master
            WHERE name='index_users_on_email' AND type='index'
[0m
  [1m[35m (0.2ms)[0m  CREATE UNIQUE INDEX "index_users_on_reset_password_token" ON "users" ("reset_password_token")
  [1m[36m (0.1ms)[0m  [1mSELECT * FROM "ausers"[0m
  [1m[35m (0.2ms)[0m  DROP TABLE "ausers"
  [1m[36mSQL (0.3ms)[0m  [1mINSERT INTO "schema_migrations" ("version") VALUES (?)[0m  [["version", "20150310184029"]]
  [1m[35m (2.1ms)[0m  commit transaction
Migrating to AddIsSponsor2ToUsers (20150310184051)
  [1m[36m (0.1ms)[0m  [1mbegin transaction[0m
  [1m[35m (0.6ms)[0m  ALTER TABLE "users" ADD "is_soponsor" integer DEFAULT 0
SQLite3::SQLException: duplicate column name: is_soponsor: ALTER TABLE "users" ADD "is_soponsor" integer DEFAULT 0
  [1m[36m (0.1ms)[0m  [1mrollback transaction[0m
  [1m[36mActiveRecord::SchemaMigration Load (0.4ms)[0m  [1mSELECT "schema_migrations".* FROM "schema_migrations"[0m
Migrating to AddIsSponsor2ToUsers (20150310184051)
  [1m[35m (0.2ms)[0m  begin transaction
  [1m[36m (0.8ms)[0m  [1mALTER TABLE "users" ADD "is_sponsor" integer DEFAULT 0[0m
  [1m[35mSQL (0.4ms)[0m  INSERT INTO "schema_migrations" ("version") VALUES (?)  [["version", "20150310184051"]]
  [1m[36m (29.1ms)[0m  [1mcommit transaction[0m
  [1m[35mActiveRecord::SchemaMigration Load (0.1ms)[0m  SELECT "schema_migrations".* FROM "schema_migrations"
  [1m[36m (0.2ms)[0m  [1m            SELECT sql
            FROM sqlite_master
            WHERE name='index_users_on_reset_password_token' AND type='index'
            UNION ALL
            SELECT sql
            FROM sqlite_temp_master
            WHERE name='index_users_on_reset_password_token' AND type='index'
[0m
  [1m[35m (0.1ms)[0m              SELECT sql
            FROM sqlite_master
            WHERE name='index_users_on_email' AND type='index'
            UNION ALL
            SELECT sql
            FROM sqlite_temp_master
            WHERE name='index_users_on_email' AND type='index'



Started GET "/users/sign_up" for 127.0.0.1 at 2015-03-10 20:42:11 +0200
  [1m[36mActiveRecord::SchemaMigration Load (0.5ms)[0m  [1mSELECT "schema_migrations".* FROM "schema_migrations"[0m
Processing by Devise::RegistrationsController#new as HTML
  Rendered devise/registrations/new.html.erb within layouts/application (200.0ms)
Completed 500 Internal Server Error in 352ms

ActionView::Template::Error (undefined method `is_female' for #<User:0x007fd45caf06a8>):
    15:     <%= f.text_field :lastname, autofocus: true %></div>
    16:     <br />
    17: 
    18:   <div class="field"><%= f.radio_button(:is_female, true) %> <%=f.label :is_female, "Female" %> </div>
    19: <br />
    20:   <div class="field"><%= f.radio_button(:is_female, false) %> <%=f.label :is_female, "Male" %> </div>
    21:   <div class="field">
  app/views/devise/registrations/new.html.erb:18:in `block in _app_views_devise_registrations_new_html_erb__2232205123622099921_70275058382100'
  app/views/devise/registrations/new.html.erb:3:in `_app_views_devise_registrations_new_html_erb__2232205123622099921_70275058382100'


  Rendered /Users/Mayar/.rbenv/versions/2.1.5/lib/ruby/gems/2.1.0/gems/actionpack-4.2.0/lib/action_dispatch/middleware/templates/rescues/_source.erb (8.0ms)
  Rendered /Users/Mayar/.rbenv/versions/2.1.5/lib/ruby/gems/2.1.0/gems/actionpack-4.2.0/lib/action_dispatch/middleware/templates/rescues/_trace.html.erb (3.0ms)
  Rendered /Users/Mayar/.rbenv/versions/2.1.5/lib/ruby/gems/2.1.0/gems/actionpack-4.2.0/lib/action_dispatch/middleware/templates/rescues/_request_and_response.html.erb (0.8ms)
  Rendered /Users/Mayar/.rbenv/versions/2.1.5/lib/ruby/gems/2.1.0/gems/actionpack-4.2.0/lib/action_dispatch/middleware/templates/rescues/template_error.html.erb within rescues/layout (26.5ms)
  Rendered /Users/Mayar/.rbenv/versions/2.1.5/lib/ruby/gems/2.1.0/gems/web-console-2.1.1/lib/web_console/templates/_markup.html (0.9ms)
  Rendered /Users/Mayar/.rbenv/versions/2.1.5/lib/ruby/gems/2.1.0/gems/web-console-2.1.1/lib/web_console/templates/style.css within layouts/inlined_string (0.2ms)
  Rendered /Users/Mayar/.rbenv/versions/2.1.5/lib/ruby/gems/2.1.0/gems/web-console-2.1.1/lib/web_console/templates/_inner_console_markup.html within layouts/inlined_string (0.2ms)
  Rendered /Users/Mayar/.rbenv/versions/2.1.5/lib/ruby/gems/2.1.0/gems/web-console-2.1.1/lib/web_console/templates/_prompt_box_markup.html within layouts/inlined_string (0.2ms)
  Rendered /Users/Mayar/.rbenv/versions/2.1.5/lib/ruby/gems/2.1.0/gems/web-console-2.1.1/lib/web_console/templates/console.js within layouts/javascript (17.4ms)
  Rendered /Users/Mayar/.rbenv/versions/2.1.5/lib/ruby/gems/2.1.0/gems/web-console-2.1.1/lib/web_console/templates/main.js within layouts/javascript (0.2ms)
  Rendered /Users/Mayar/.rbenv/versions/2.1.5/lib/ruby/gems/2.1.0/gems/web-console-2.1.1/lib/web_console/templates/error_page.js within layouts/javascript (0.4ms)
  Rendered /Users/Mayar/.rbenv/versions/2.1.5/lib/ruby/gems/2.1.0/gems/web-console-2.1.1/lib/web_console/templates/index.html (65.8ms)
  [1m[36mActiveRecord::SchemaMigration Load (0.5ms)[0m  [1mSELECT "schema_migrations".* FROM "schema_migrations"[0m
Migrating to AddIsFemaleToUsers (20150310184343)
  [1m[35m (0.2ms)[0m  begin transaction
  [1m[36m (1.0ms)[0m  [1mALTER TABLE "users" ADD "is_female" boolean DEFAULT 'f'[0m
  [1m[35m (0.3ms)[0m  ALTER TABLE "users" ADD "about_me" text
  [1m[36mSQL (0.3ms)[0m  [1mINSERT INTO "schema_migrations" ("version") VALUES (?)[0m  [["version", "20150310184343"]]
  [1m[35m (21.9ms)[0m  commit transaction
  [1m[36mActiveRecord::SchemaMigration Load (0.2ms)[0m  [1mSELECT "schema_migrations".* FROM "schema_migrations"[0m
  [1m[35m (0.2ms)[0m              SELECT sql
            FROM sqlite_master
            WHERE name='index_users_on_reset_password_token' AND type='index'
            UNION ALL
            SELECT sql
            FROM sqlite_temp_master
            WHERE name='index_users_on_reset_password_token' AND type='index'

  [1m[36m (0.1ms)[0m  [1m            SELECT sql
            FROM sqlite_master
            WHERE name='index_users_on_email' AND type='index'
            UNION ALL
            SELECT sql
            FROM sqlite_temp_master
            WHERE name='index_users_on_email' AND type='index'
[0m


Started GET "/users/sign_up" for 127.0.0.1 at 2015-03-10 20:45:37 +0200
  [1m[36mActiveRecord::SchemaMigration Load (0.3ms)[0m  [1mSELECT "schema_migrations".* FROM "schema_migrations"[0m
Processing by Devise::RegistrationsController#new as HTML
  Rendered devise/shared/_links.html.erb (4.2ms)
  Rendered devise/registrations/new.html.erb within layouts/application (178.8ms)
Completed 200 OK in 2121ms (Views: 2072.7ms | ActiveRecord: 0.5ms)


Started POST "/users" for 127.0.0.1 at 2015-03-10 20:46:11 +0200
Processing by Devise::RegistrationsController#create as HTML
  Parameters: {"utf8"=>"✓", "authenticity_token"=>"klr6cJvjjxgafzrBSDrAWkVQIOkJAv47Etq8EuL7VgKcmFbOaBU3YCJfPk2I/DA2VgFhspDP5NkCHRgz/feN2w==", "user"=>{"email"=>"mayar_bassel@hotmail.com", "firstname"=>"Mayar", "lastname"=>"Bassel", "is_female"=>"true", "password"=>"[FILTERED]", "password_confirmation"=>"[FILTERED]", "is_sponsor"=>"2"}, "commit"=>"Sign up"}
Unpermitted parameters: is_female, password_confirmation
  [1m[35m (0.1ms)[0m  begin transaction
  [1m[36mUser Exists (18.8ms)[0m  [1mSELECT  1 AS one FROM "users" WHERE "users"."email" = 'mayar_bassel@hotmail.com' LIMIT 1[0m
  [1m[35mSQL (1.3ms)[0m  INSERT INTO "users" ("email", "encrypted_password", "is_sponsor", "firstname", "lastname", "created_at", "updated_at") VALUES (?, ?, ?, ?, ?, ?, ?)  [["email", "mayar_bassel@hotmail.com"], ["encrypted_password", "$2a$10$0ogzzbcqQepFdLQHlOuLqeaKvBpsCXrjEjrWxZb90HbloLmavDaaa"], ["is_sponsor", 2], ["firstname", "Mayar"], ["lastname", "Bassel"], ["created_at", "2015-03-10 18:46:11.796095"], ["updated_at", "2015-03-10 18:46:11.796095"]]
  [1m[36m (32.9ms)[0m  [1mcommit transaction[0m
  [1m[35m (0.1ms)[0m  begin transaction
  [1m[36mSQL (0.5ms)[0m  [1mUPDATE "users" SET "last_sign_in_at" = ?, "current_sign_in_at" = ?, "last_sign_in_ip" = ?, "current_sign_in_ip" = ?, "sign_in_count" = ?, "updated_at" = ? WHERE "users"."id" = ?[0m  [["last_sign_in_at", "2015-03-10 18:46:11.834182"], ["current_sign_in_at", "2015-03-10 18:46:11.834182"], ["last_sign_in_ip", "127.0.0.1"], ["current_sign_in_ip", "127.0.0.1"], ["sign_in_count", 1], ["updated_at", "2015-03-10 18:46:11.835907"], ["id", 1]]
  [1m[35m (1.1ms)[0m  commit transaction
Redirected to http://localhost:3000/
Completed 302 Found in 525ms (ActiveRecord: 54.8ms)


Started GET "/" for 127.0.0.1 at 2015-03-10 20:46:11 +0200
Processing by HomeController#index as HTML
  Rendered home/index.html.erb within layouts/application (1.0ms)
  [1m[36mUser Load (0.3ms)[0m  [1mSELECT  "users".* FROM "users" WHERE "users"."id" = ?  ORDER BY "users"."id" ASC LIMIT 1[0m  [["id", 1]]
Completed 200 OK in 77ms (Views: 75.6ms | ActiveRecord: 0.3ms)
  [1m[36mUser Load (3.8ms)[0m  [1mSELECT "users".* FROM "users"[0m
  [1m[36mActiveRecord::SchemaMigration Load (0.4ms)[0m  [1mSELECT "schema_migrations".* FROM "schema_migrations"[0m
Migrating to RemoveIsSoponsorFromUsers (20150310184727)
  [1m[35m (0.2ms)[0m  begin transaction
  [1m[36m (2.2ms)[0m  [1mCREATE TEMPORARY TABLE "ausers" ("id" INTEGER PRIMARY KEY AUTOINCREMENT NOT NULL, "email" varchar DEFAULT '' NOT NULL, "encrypted_password" varchar DEFAULT '' NOT NULL, "reset_password_token" varchar, "reset_password_sent_at" datetime, "remember_created_at" datetime, "sign_in_count" integer DEFAULT 0 NOT NULL, "current_sign_in_at" datetime, "last_sign_in_at" datetime, "current_sign_in_ip" varchar, "last_sign_in_ip" varchar, "created_at" datetime, "updated_at" datetime, "is_soponsor" integer DEFAULT 0, "firstname" varchar, "lastname" varchar, "is_sponsor" integer DEFAULT 0, "is_female" boolean DEFAULT 'f', "about_me" text) [0m
  [1m[35m (0.1ms)[0m              SELECT sql
            FROM sqlite_master
            WHERE name='index_users_on_reset_password_token' AND type='index'
            UNION ALL
            SELECT sql
            FROM sqlite_temp_master
            WHERE name='index_users_on_reset_password_token' AND type='index'

  [1m[36m (0.2ms)[0m  [1m            SELECT sql
            FROM sqlite_master
            WHERE name='index_users_on_email' AND type='index'
            UNION ALL
            SELECT sql
            FROM sqlite_temp_master
            WHERE name='index_users_on_email' AND type='index'
[0m
  [1m[35m (0.1ms)[0m  select sqlite_version(*)
  [1m[36m (0.4ms)[0m  [1mCREATE UNIQUE INDEX "tindex_ausers_on_reset_password_token" ON "ausers" ("reset_password_token")[0m
  [1m[35m (0.2ms)[0m  CREATE UNIQUE INDEX "tindex_ausers_on_email" ON "ausers" ("email")
  [1m[36m (19.8ms)[0m  [1mSELECT * FROM "users"[0m
  [1m[35m (0.2ms)[0m  INSERT INTO "ausers" ("id","email","encrypted_password","reset_password_token","reset_password_sent_at","remember_created_at","sign_in_count","current_sign_in_at","last_sign_in_at","current_sign_in_ip","last_sign_in_ip","created_at","updated_at","is_soponsor","firstname","lastname","is_sponsor","is_female","about_me") VALUES (1, 'mayar_bassel@hotmail.com', '$2a$10$0ogzzbcqQepFdLQHlOuLqeaKvBpsCXrjEjrWxZb90HbloLmavDaaa', NULL, NULL, NULL, 1, '2015-03-10 18:46:11.834182', '2015-03-10 18:46:11.834182', '127.0.0.1', '127.0.0.1', '2015-03-10 18:46:11.796095', '2015-03-10 18:46:11.835907', 0, 'Mayar', 'Bassel', 2, 'f', NULL)
  [1m[36m (1.6ms)[0m  [1mDROP TABLE "users"[0m
  [1m[35m (0.3ms)[0m  CREATE TABLE "users" ("id" INTEGER PRIMARY KEY AUTOINCREMENT NOT NULL, "email" varchar DEFAULT '' NOT NULL, "encrypted_password" varchar DEFAULT '' NOT NULL, "reset_password_token" varchar, "reset_password_sent_at" datetime, "remember_created_at" datetime, "sign_in_count" integer DEFAULT 0 NOT NULL, "current_sign_in_at" datetime, "last_sign_in_at" datetime, "current_sign_in_ip" varchar, "last_sign_in_ip" varchar, "created_at" datetime, "updated_at" datetime, "firstname" varchar, "lastname" varchar, "is_sponsor" integer DEFAULT 0, "is_female" boolean DEFAULT 'f', "about_me" text) 
  [1m[36m (0.1ms)[0m  [1m            SELECT sql
            FROM sqlite_master
            WHERE name='tindex_ausers_on_email' AND type='index'
            UNION ALL
            SELECT sql
            FROM sqlite_temp_master
            WHERE name='tindex_ausers_on_email' AND type='index'
[0m
  [1m[35m (0.1ms)[0m              SELECT sql
            FROM sqlite_master
            WHERE name='tindex_ausers_on_reset_password_token' AND type='index'
            UNION ALL
            SELECT sql
            FROM sqlite_temp_master
            WHERE name='tindex_ausers_on_reset_password_token' AND type='index'

  [1m[36m (0.5ms)[0m  [1mCREATE UNIQUE INDEX "index_users_on_email" ON "users" ("email")[0m
  [1m[35m (0.1ms)[0m              SELECT sql
            FROM sqlite_master
            WHERE name='index_users_on_email' AND type='index'
            UNION ALL
            SELECT sql
            FROM sqlite_temp_master
            WHERE name='index_users_on_email' AND type='index'

  [1m[36m (0.2ms)[0m  [1mCREATE UNIQUE INDEX "index_users_on_reset_password_token" ON "users" ("reset_password_token")[0m
  [1m[35m (0.1ms)[0m  SELECT * FROM "ausers"
  [1m[36m (0.1ms)[0m  [1mINSERT INTO "users" ("id","email","encrypted_password","reset_password_token","reset_password_sent_at","remember_created_at","sign_in_count","current_sign_in_at","last_sign_in_at","current_sign_in_ip","last_sign_in_ip","created_at","updated_at","firstname","lastname","is_sponsor","is_female","about_me") VALUES (1, 'mayar_bassel@hotmail.com', '$2a$10$0ogzzbcqQepFdLQHlOuLqeaKvBpsCXrjEjrWxZb90HbloLmavDaaa', NULL, NULL, NULL, 1, '2015-03-10 18:46:11.834182', '2015-03-10 18:46:11.834182', '127.0.0.1', '127.0.0.1', '2015-03-10 18:46:11.796095', '2015-03-10 18:46:11.835907', 'Mayar', 'Bassel', 2, 'f', NULL)[0m
  [1m[35m (0.2ms)[0m  DROP TABLE "ausers"
  [1m[36mSQL (0.3ms)[0m  [1mINSERT INTO "schema_migrations" ("version") VALUES (?)[0m  [["version", "20150310184727"]]
  [1m[35m (2.2ms)[0m  commit transaction
  [1m[36mActiveRecord::SchemaMigration Load (0.1ms)[0m  [1mSELECT "schema_migrations".* FROM "schema_migrations"[0m
  [1m[35m (0.1ms)[0m              SELECT sql
            FROM sqlite_master
            WHERE name='index_users_on_reset_password_token' AND type='index'
            UNION ALL
            SELECT sql
            FROM sqlite_temp_master
            WHERE name='index_users_on_reset_password_token' AND type='index'

  [1m[36m (0.1ms)[0m  [1m            SELECT sql
            FROM sqlite_master
            WHERE name='index_users_on_email' AND type='index'
            UNION ALL
            SELECT sql
            FROM sqlite_temp_master
            WHERE name='index_users_on_email' AND type='index'
[0m


Started GET "/" for 127.0.0.1 at 2015-03-10 20:48:05 +0200
  [1m[36mActiveRecord::SchemaMigration Load (0.4ms)[0m  [1mSELECT "schema_migrations".* FROM "schema_migrations"[0m
Processing by HomeController#index as HTML
  Rendered home/index.html.erb within layouts/application (1.6ms)
  [1m[35mUser Load (17.8ms)[0m  SELECT  "users".* FROM "users" WHERE "users"."id" = ?  ORDER BY "users"."id" ASC LIMIT 1  [["id", 1]]
Completed 200 OK in 365ms (Views: 316.2ms | ActiveRecord: 18.3ms)


Started GET "/assets/dashboard-64e62ddc273c2f5847f30d698ca14b67.css?body=1" for 127.0.0.1 at 2015-03-10 20:48:06 +0200


Started GET "/assets/home-64e62ddc273c2f5847f30d698ca14b67.css?body=1" for ::1 at 2015-03-10 20:48:06 +0200


Started GET "/assets/jquery-87424c3c19e96d4fb033c10ebe21ec40.js?body=1" for ::1 at 2015-03-10 20:48:06 +0200


Started GET "/users/sign_up" for 127.0.0.1 at 2015-03-10 20:48:07 +0200
Processing by Devise::RegistrationsController#new as HTML
  [1m[36mUser Load (0.1ms)[0m  [1mSELECT  "users".* FROM "users" WHERE "users"."id" = ?  ORDER BY "users"."id" ASC LIMIT 1[0m  [["id", 1]]
Redirected to http://localhost:3000/
Filter chain halted as :require_no_authentication rendered or redirected
Completed 302 Found in 142ms (ActiveRecord: 0.1ms)


Started GET "/" for 127.0.0.1 at 2015-03-10 20:48:07 +0200
Processing by HomeController#index as HTML
  Rendered home/index.html.erb within layouts/application (0.0ms)
  [1m[35mUser Load (0.1ms)[0m  SELECT  "users".* FROM "users" WHERE "users"."id" = ?  ORDER BY "users"."id" ASC LIMIT 1  [["id", 1]]
Completed 200 OK in 53ms (Views: 52.6ms | ActiveRecord: 0.1ms)


Started DELETE "/users/sign_out" for 127.0.0.1 at 2015-03-10 20:48:08 +0200
Processing by Devise::SessionsController#destroy as HTML
  Parameters: {"authenticity_token"=>"sGhHQ0qJtXTcCvNEvHQXzu8+n4Hfm5OJiU1g6bXsxSa+quv9uX8NDOQq98h8suei/G/e2kZWiWuZisTIquAe/w=="}
  [1m[36mUser Load (0.1ms)[0m  [1mSELECT  "users".* FROM "users" WHERE "users"."id" = ?  ORDER BY "users"."id" ASC LIMIT 1[0m  [["id", 1]]
  [1m[35m (0.1ms)[0m  begin transaction
  [1m[36m (0.0ms)[0m  [1mcommit transaction[0m
Redirected to http://localhost:3000/
Completed 302 Found in 7ms (ActiveRecord: 0.3ms)


Started GET "/" for 127.0.0.1 at 2015-03-10 20:48:08 +0200
Processing by HomeController#index as HTML
  Rendered home/index.html.erb within layouts/application (0.0ms)
Completed 200 OK in 47ms (Views: 46.4ms | ActiveRecord: 0.0ms)


Started GET "/users/sign_up" for 127.0.0.1 at 2015-03-10 20:48:10 +0200
Processing by Devise::RegistrationsController#new as HTML
  Rendered devise/shared/_links.html.erb (5.9ms)
  Rendered devise/registrations/new.html.erb within layouts/application (71.7ms)
Completed 200 OK in 133ms (Views: 131.9ms | ActiveRecord: 0.0ms)


Started POST "/users" for 127.0.0.1 at 2015-03-10 20:48:32 +0200
Processing by Devise::RegistrationsController#create as HTML
  Parameters: {"utf8"=>"✓", "authenticity_token"=>"ZQEI3J7aB7P5Ah2JjkDqEgj8F0p34fShxY9by9Jpra7CJCmWMj/1UYulrfl1IuZxsZj5ylNk/uSutwzQNgogaQ==", "user"=>{"email"=>"mayar_bassel@hotmail.com", "firstname"=>"xx", "lastname"=>"xx", "is_female"=>"false", "password"=>"[FILTERED]", "password_confirmation"=>"[FILTERED]", "is_sponsor"=>"0"}, "commit"=>"Sign up"}
Unpermitted parameters: is_female, password_confirmation
  [1m[35m (0.1ms)[0m  begin transaction
  [1m[36mUser Exists (20.2ms)[0m  [1mSELECT  1 AS one FROM "users" WHERE "users"."email" = 'mayar_bassel@hotmail.com' LIMIT 1[0m
  [1m[35m (0.1ms)[0m  rollback transaction
  Rendered devise/shared/_links.html.erb (3.9ms)
  Rendered devise/registrations/new.html.erb within layouts/application (25.3ms)
Completed 200 OK in 283ms (Views: 112.1ms | ActiveRecord: 20.4ms)


Started POST "/users" for 127.0.0.1 at 2015-03-10 20:48:48 +0200
Processing by Devise::RegistrationsController#create as HTML
  Parameters: {"utf8"=>"✓", "authenticity_token"=>"IXRTO6Y6CLPVV8dgDjaG5NgVgm0D8ubJixsKu5l6+riGUXJxCt/6UafwdxD1VIqHYXFs7Sd37IzgI12gfRl3fw==", "user"=>{"email"=>"mayar_basse@hotmail.com", "firstname"=>"xx", "lastname"=>"xx", "is_female"=>"false", "password"=>"[FILTERED]", "password_confirmation"=>"[FILTERED]", "is_sponsor"=>"0"}, "commit"=>"Sign up"}
Unpermitted parameters: is_female, password_confirmation
  [1m[36m (0.1ms)[0m  [1mbegin transaction[0m
  [1m[35mUser Exists (0.1ms)[0m  SELECT  1 AS one FROM "users" WHERE "users"."email" = 'mayar_basse@hotmail.com' LIMIT 1
  [1m[36mSQL (7.1ms)[0m  [1mINSERT INTO "users" ("email", "encrypted_password", "firstname", "lastname", "created_at", "updated_at") VALUES (?, ?, ?, ?, ?, ?)[0m  [["email", "mayar_basse@hotmail.com"], ["encrypted_password", "$2a$10$p4nPONrXR5wlknoANJ6FgOinWwGjmQ2XJX4AR8.7ng03k/e5w1sfK"], ["firstname", "xx"], ["lastname", "xx"], ["created_at", "2015-03-10 18:48:48.740613"], ["updated_at", "2015-03-10 18:48:48.740613"]]
  [1m[35m (32.6ms)[0m  commit transaction
  [1m[36m (0.1ms)[0m  [1mbegin transaction[0m
  [1m[35mSQL (8.3ms)[0m  UPDATE "users" SET "last_sign_in_at" = ?, "current_sign_in_at" = ?, "last_sign_in_ip" = ?, "current_sign_in_ip" = ?, "sign_in_count" = ?, "updated_at" = ? WHERE "users"."id" = ?  [["last_sign_in_at", "2015-03-10 18:48:48.783404"], ["current_sign_in_at", "2015-03-10 18:48:48.783404"], ["last_sign_in_ip", "127.0.0.1"], ["current_sign_in_ip", "127.0.0.1"], ["sign_in_count", 1], ["updated_at", "2015-03-10 18:48:48.785305"], ["id", 2]]
  [1m[36m (1.3ms)[0m  [1mcommit transaction[0m
Redirected to http://localhost:3000/
Completed 302 Found in 139ms (ActiveRecord: 49.6ms)


Started GET "/" for 127.0.0.1 at 2015-03-10 20:48:48 +0200
Processing by HomeController#index as HTML
  Rendered home/index.html.erb within layouts/application (0.1ms)
  [1m[35mUser Load (0.1ms)[0m  SELECT  "users".* FROM "users" WHERE "users"."id" = ?  ORDER BY "users"."id" ASC LIMIT 1  [["id", 2]]
Completed 200 OK in 64ms (Views: 62.4ms | ActiveRecord: 0.1ms)
  [1m[36mUser Load (3.7ms)[0m  [1mSELECT "users".* FROM "users"[0m
  [1m[35mUser Load (0.2ms)[0m  SELECT  "users".* FROM "users" WHERE "users"."id" = ? LIMIT 1  [["id", 1]]


Started GET "/users/sign_up" for ::1 at 2015-03-10 20:50:23 +0200
  [1m[36mActiveRecord::SchemaMigration Load (8.5ms)[0m  [1mSELECT "schema_migrations".* FROM "schema_migrations"[0m
Processing by Devise::RegistrationsController#new as HTML
  [1m[35mUser Load (16.0ms)[0m  SELECT  "users".* FROM "users" WHERE "users"."id" = ?  ORDER BY "users"."id" ASC LIMIT 1  [["id", 2]]
Redirected to http://localhost:3000/
Filter chain halted as :require_no_authentication rendered or redirected
Completed 302 Found in 192ms (ActiveRecord: 16.8ms)


Started GET "/" for ::1 at 2015-03-10 20:50:23 +0200
Processing by HomeController#index as HTML
  Rendered home/index.html.erb within layouts/application (2.1ms)
  [1m[36mUser Load (0.1ms)[0m  [1mSELECT  "users".* FROM "users" WHERE "users"."id" = ?  ORDER BY "users"."id" ASC LIMIT 1[0m  [["id", 2]]
Completed 200 OK in 254ms (Views: 252.9ms | ActiveRecord: 0.1ms)


Started GET "/assets/dashboard-64e62ddc273c2f5847f30d698ca14b67.css?body=1" for ::1 at 2015-03-10 20:50:24 +0200


Started GET "/assets/home-64e62ddc273c2f5847f30d698ca14b67.css?body=1" for ::1 at 2015-03-10 20:50:24 +0200


Started DELETE "/users/sign_out" for ::1 at 2015-03-10 20:50:25 +0200
Processing by Devise::SessionsController#destroy as HTML
  Parameters: {"authenticity_token"=>"ZYbSRwlSaRvXlAqayhy1MV2mmaELd7Ai10QcjI96KzfCo/MNpbeb+aUzuuoxfrlS5MJ3IS/yume8fEuXaxmm8A=="}
  [1m[35mUser Load (0.1ms)[0m  SELECT  "users".* FROM "users" WHERE "users"."id" = ?  ORDER BY "users"."id" ASC LIMIT 1  [["id", 2]]
  [1m[36m (0.1ms)[0m  [1mbegin transaction[0m
  [1m[35m (0.0ms)[0m  commit transaction
Redirected to http://localhost:3000/
Completed 302 Found in 7ms (ActiveRecord: 0.3ms)


Started GET "/" for ::1 at 2015-03-10 20:50:26 +0200
Processing by HomeController#index as HTML
  Rendered home/index.html.erb within layouts/application (0.0ms)
Completed 200 OK in 91ms (Views: 90.3ms | ActiveRecord: 0.0ms)


Started GET "/users/sign_up" for ::1 at 2015-03-10 20:50:27 +0200
Processing by Devise::RegistrationsController#new as HTML
  Rendered devise/shared/_links.html.erb (6.2ms)
  Rendered devise/registrations/new.html.erb within layouts/application (73.1ms)
Completed 200 OK in 161ms (Views: 160.0ms | ActiveRecord: 0.0ms)


Started POST "/users" for ::1 at 2015-03-10 20:50:48 +0200
Processing by Devise::RegistrationsController#create as HTML
  Parameters: {"utf8"=>"✓", "authenticity_token"=>"ufZqBt2n9NGQ1861P7toXQkez4w9XKlYyTSSnkvPAtt5oSL/GgtepJIIb3XfiPTuddMrIBS9NqV7Lt8oebaUmg==", "user"=>{"email"=>"mmm@hotamail.com", "firstname"=>"mmmmm", "lastname"=>"mmmm", "is_female"=>"true", "password"=>"[FILTERED]", "password_confirmation"=>"[FILTERED]", "is_sponsor"=>"0"}, "commit"=>"Sign up"}
Unpermitted parameter: password_confirmation
  [1m[36m (0.2ms)[0m  [1mbegin transaction[0m
  [1m[35mUser Exists (20.1ms)[0m  SELECT  1 AS one FROM "users" WHERE "users"."email" = 'mmm@hotamail.com' LIMIT 1
  [1m[36mSQL (1.1ms)[0m  [1mINSERT INTO "users" ("email", "encrypted_password", "is_female", "firstname", "lastname", "created_at", "updated_at") VALUES (?, ?, ?, ?, ?, ?, ?)[0m  [["email", "mmm@hotamail.com"], ["encrypted_password", "$2a$10$8iZY5T.5VoiYggcLRhCMk.qjew0vtzFZn2uz4BVw5MO0F6zMWhpnO"], ["is_female", "t"], ["firstname", "mmmmm"], ["lastname", "mmmm"], ["created_at", "2015-03-10 18:50:49.099337"], ["updated_at", "2015-03-10 18:50:49.099337"]]
  [1m[35m (1.0ms)[0m  commit transaction
  [1m[36m (0.1ms)[0m  [1mbegin transaction[0m
  [1m[35mSQL (0.3ms)[0m  UPDATE "users" SET "last_sign_in_at" = ?, "current_sign_in_at" = ?, "last_sign_in_ip" = ?, "current_sign_in_ip" = ?, "sign_in_count" = ?, "updated_at" = ? WHERE "users"."id" = ?  [["last_sign_in_at", "2015-03-10 18:50:49.104463"], ["current_sign_in_at", "2015-03-10 18:50:49.104463"], ["last_sign_in_ip", "::1"], ["current_sign_in_ip", "::1"], ["sign_in_count", 1], ["updated_at", "2015-03-10 18:50:49.105583"], ["id", 3]]
  [1m[36m (1.3ms)[0m  [1mcommit transaction[0m
Redirected to http://localhost:3000/
Completed 302 Found in 258ms (ActiveRecord: 24.0ms)


Started GET "/" for ::1 at 2015-03-10 20:50:49 +0200
Processing by HomeController#index as HTML
  Rendered home/index.html.erb within layouts/application (0.0ms)
  [1m[35mUser Load (0.3ms)[0m  SELECT  "users".* FROM "users" WHERE "users"."id" = ?  ORDER BY "users"."id" ASC LIMIT 1  [["id", 3]]
Completed 200 OK in 51ms (Views: 50.5ms | ActiveRecord: 0.3ms)
  [1m[36mUser Load (0.4ms)[0m  [1mSELECT  "users".* FROM "users" WHERE "users"."id" = ? LIMIT 1[0m  [["id", 3]]
